<?xml version="1.0" encoding="UTF-8"?>
<testsuite xmlns:xsi="http://www.w3.org/2001/XMLSchema-instance" xsi:noNamespaceSchemaLocation="https://maven.apache.org/surefire/maven-surefire-plugin/xsd/surefire-test-report-3.0.xsd" version="3.0" name="com.facetrack.service.UserServiceTest" time="0.044" tests="9" errors="9" skipped="0" failures="0">
  <properties>
[...]
</properties>
  <testcase name="testDeleteUserWithAssignedClasses" classname="com.facetrack.service.UserServiceTest" time="0.006">
    <error message="Unresolved compilation problems: &#10;	Duplicate field UserServiceTest.userId&#10;	Duplicate field UserServiceTest.testUser&#10;	Duplicate field UserServiceTest.userCreateRequest&#10;	Duplicate method setUp() in type UserServiceTest&#10;	Duplicate method testListAll() in type UserServiceTest&#10;	Duplicate method testListTeachers() in type UserServiceTest&#10;	Duplicate method testListTeachersEmpty() in type UserServiceTest&#10;	Duplicate method testCreateUserSuccess() in type UserServiceTest&#10;	Duplicate method testCreateUserEmailConflict() in type UserServiceTest&#10;	Duplicate method testDeleteUserSuccess() in type UserServiceTest&#10;	Duplicate method testDeleteUserNotFound() in type UserServiceTest&#10;	Duplicate method testDeleteUserWithAssignedClasses() in type UserServiceTest&#10;	Duplicate method testDeleteUserWithActiveSessions() in type UserServiceTest&#10;	The type UserServiceTest.MockUserRepository must implement the inherited abstract method PagingAndSortingRepository&lt;User,UUID&gt;.findAll(Pageable)&#10;	The type UserServiceTest.MockUserRepository must implement the inherited abstract method QueryByExampleExecutor&lt;User&gt;.findAll(Example&lt;S&gt;, Pageable)&#10;	The type UserServiceTest.MockUserRepository must implement the inherited abstract method CrudRepository&lt;User,UUID&gt;.existsById(UUID)&#10;	The type UserServiceTest.MockUserRepository must implement the inherited abstract method CrudRepository&lt;User,UUID&gt;.deleteAllById(Iterable&lt;? extends UUID&gt;)&#10;	The type UserServiceTest.MockUserRepository must implement the inherited abstract method QueryByExampleExecutor&lt;User&gt;.findOne(Example&lt;S&gt;)&#10;	The type UserServiceTest.MockUserRepository must implement the inherited abstract method JpaRepository&lt;User,UUID&gt;.saveAndFlush(S)&#10;	The type UserServiceTest.MockUserRepository must implement the inherited abstract method ListCrudRepository&lt;User,UUID&gt;.saveAll(Iterable&lt;S&gt;)&#10;	The type UserServiceTest.MockUserRepository must implement the inherited abstract method JpaRepository&lt;User,UUID&gt;.flush()&#10;	The type UserServiceTest.MockUserRepository must implement the inherited abstract method JpaRepository&lt;User,UUID&gt;.deleteAllInBatch(Iterable&lt;User&gt;)&#10;	The type UserServiceTest.MockUserRepository must implement the inherited abstract method JpaRepository&lt;User,UUID&gt;.deleteAllByIdInBatch(Iterable&lt;UUID&gt;)&#10;	The type UserServiceTest.MockUserRepository must implement the inherited abstract method JpaRepository&lt;User,UUID&gt;.saveAllAndFlush(Iterable&lt;S&gt;)&#10;	The method findOne(Specification&lt;User&gt;) of type UserServiceTest.MockUserRepository must override or implement a supertype method&#10;	The method findAll(Specification&lt;User&gt;) of type UserServiceTest.MockUserRepository must override or implement a supertype method&#10;	java.util.Page cannot be resolved to a type&#10;	The method count(Specification&lt;User&gt;) of type UserServiceTest.MockUserRepository must override or implement a supertype method&#10;	The method exists(Specification&lt;User&gt;) of type UserServiceTest.MockUserRepository must override or implement a supertype method&#10;	The method delete(Specification&lt;User&gt;) of type UserServiceTest.MockUserRepository must override or implement a supertype method&#10;	Erasure of method saveAll(Iterable&lt;? extends User&gt;) is the same as another method in type UserServiceTest.MockUserRepository&#10;	Name clash: The method saveAll(Iterable&lt;? extends User&gt;) of type UserServiceTest.MockUserRepository has the same erasure as saveAll(Iterable&lt;S&gt;) of type CrudRepository&lt;T,ID&gt; but does not override it&#10;	Name clash: The method saveAll(Iterable&lt;? extends User&gt;) of type UserServiceTest.MockUserRepository has the same erasure as saveAll(Iterable&lt;S&gt;) of type ListCrudRepository&lt;T,ID&gt; but does not override it&#10;	The method saveAll(Iterable&lt;? extends User&gt;) of type UserServiceTest.MockUserRepository must override or implement a supertype method&#10;	Erasure of method saveAll(Iterable&lt;S&gt;) is the same as another method in type UserServiceTest.MockUserRepository&#10;	java.util.Page cannot be resolved to a type&#10;	java.util.Page cannot be resolved to a type&#10;	The type UserServiceTest.MockSchoolClassRepository must implement the inherited abstract method CrudRepository&lt;SchoolClass,UUID&gt;.findById(UUID)&#10;	The type UserServiceTest.MockSchoolClassRepository must implement the inherited abstract method SchoolClassRepository.findByName(String)&#10;	The type UserServiceTest.MockSchoolClassRepository must implement the inherited abstract method JpaRepository&lt;SchoolClass,UUID&gt;.deleteAllByIdInBatch(Iterable&lt;UUID&gt;)&#10;	The type UserServiceTest.MockSchoolClassRepository must implement the inherited abstract method ListCrudRepository&lt;SchoolClass,UUID&gt;.saveAll(Iterable&lt;S&gt;)&#10;	The type UserServiceTest.MockSchoolClassRepository must implement the inherited abstract method JpaRepository&lt;SchoolClass,UUID&gt;.saveAndFlush(S)&#10;	The type UserServiceTest.MockSchoolClassRepository must implement the inherited abstract method JpaRepository&lt;SchoolClass,UUID&gt;.flush()&#10;	The type UserServiceTest.MockSchoolClassRepository must implement the inherited abstract method QueryByExampleExecutor&lt;SchoolClass&gt;.findAll(Example&lt;S&gt;, Pageable)&#10;	The type UserServiceTest.MockSchoolClassRepository must implement the inherited abstract method JpaRepository&lt;SchoolClass,UUID&gt;.deleteAllInBatch(Iterable&lt;SchoolClass&gt;)&#10;	The type UserServiceTest.MockSchoolClassRepository must implement the inherited abstract method JpaRepository&lt;SchoolClass,UUID&gt;.saveAllAndFlush(Iterable&lt;S&gt;)&#10;	The type UserServiceTest.MockSchoolClassRepository must implement the inherited abstract method QueryByExampleExecutor&lt;SchoolClass&gt;.findOne(Example&lt;S&gt;)&#10;	The type UserServiceTest.MockSchoolClassRepository must implement the inherited abstract method SchoolClassRepository.existsByName(String)&#10;	The type UserServiceTest.MockSchoolClassRepository must implement the inherited abstract method PagingAndSortingRepository&lt;SchoolClass,UUID&gt;.findAll(Pageable)&#10;	The method findOne(Specification&lt;SchoolClass&gt;) of type UserServiceTest.MockSchoolClassRepository must override or implement a supertype method&#10;	The method findAll(Specification&lt;SchoolClass&gt;) of type UserServiceTest.MockSchoolClassRepository must override or implement a supertype method&#10;	java.util.Page cannot be resolved to a type&#10;	The method count(Specification&lt;SchoolClass&gt;) of type UserServiceTest.MockSchoolClassRepository must override or implement a supertype method&#10;	The method exists(Specification&lt;SchoolClass&gt;) of type UserServiceTest.MockSchoolClassRepository must override or implement a supertype method&#10;	The method delete(Specification&lt;SchoolClass&gt;) of type UserServiceTest.MockSchoolClassRepository must override or implement a supertype method&#10;	Name clash: The method saveAll(Iterable&lt;? extends S&gt;) of type UserServiceTest.MockSchoolClassRepository has the same erasure as saveAll(Iterable&lt;S&gt;) of type ListCrudRepository&lt;T,ID&gt; but does not override it&#10;	Name clash: The method saveAll(Iterable&lt;? extends S&gt;) of type UserServiceTest.MockSchoolClassRepository has the same erasure as saveAll(Iterable&lt;S&gt;) of type CrudRepository&lt;T,ID&gt; but does not override it&#10;	The method saveAll(Iterable&lt;? extends S&gt;) of type UserServiceTest.MockSchoolClassRepository must override or implement a supertype method&#10;	The method findById(UUID) of type UserServiceTest.MockSchoolClassRepository must override or implement a supertype method&#10;	java.util.Page cannot be resolved to a type&#10;	java.util.Page cannot be resolved to a type&#10;	The type UserServiceTest.MockAttendanceSessionRepository must implement the inherited abstract method CrudRepository&lt;AttendanceSession,UUID&gt;.findById(UUID)&#10;	The type UserServiceTest.MockAttendanceSessionRepository must implement the inherited abstract method AttendanceSessionRepository.findBySchoolClassIdAndStatus(UUID, SessionStatus)&#10;	The type UserServiceTest.MockAttendanceSessionRepository must implement the inherited abstract method JpaRepository&lt;AttendanceSession,UUID&gt;.deleteAllByIdInBatch(Iterable&lt;UUID&gt;)&#10;	The type UserServiceTest.MockAttendanceSessionRepository must implement the inherited abstract method JpaRepository&lt;AttendanceSession,UUID&gt;.flush()&#10;	The type UserServiceTest.MockAttendanceSessionRepository must implement the inherited abstract method ListCrudRepository&lt;AttendanceSession,UUID&gt;.saveAll(Iterable&lt;S&gt;)&#10;	The type UserServiceTest.MockAttendanceSessionRepository must implement the inherited abstract method AttendanceSessionRepository.findBySchoolClassIdOrderByStartedAtDesc(UUID)&#10;	The type UserServiceTest.MockAttendanceSessionRepository must implement the inherited abstract method JpaRepository&lt;AttendanceSession,UUID&gt;.saveAndFlush(S)&#10;	The type UserServiceTest.MockAttendanceSessionRepository must implement the inherited abstract method QueryByExampleExecutor&lt;AttendanceSession&gt;.findAll(Example&lt;S&gt;, Pageable)&#10;	The type UserServiceTest.MockAttendanceSessionRepository must implement the inherited abstract method JpaRepository&lt;AttendanceSession,UUID&gt;.deleteAllInBatch(Iterable&lt;AttendanceSession&gt;)&#10;	The type UserServiceTest.MockAttendanceSessionRepository must implement the inherited abstract method QueryByExampleExecutor&lt;AttendanceSession&gt;.findOne(Example&lt;S&gt;)&#10;	The type UserServiceTest.MockAttendanceSessionRepository must implement the inherited abstract method PagingAndSortingRepository&lt;AttendanceSession,UUID&gt;.findAll(Pageable)&#10;	The type UserServiceTest.MockAttendanceSessionRepository must implement the inherited abstract method AttendanceSessionRepository.findAllByOrderByStartedAtDesc()&#10;	The type UserServiceTest.MockAttendanceSessionRepository must implement the inherited abstract method JpaRepository&lt;AttendanceSession,UUID&gt;.saveAllAndFlush(Iterable&lt;S&gt;)&#10;	The type UserServiceTest.MockAttendanceSessionRepository must implement the inherited abstract method AttendanceSessionRepository.findBySchoolClassIdAndTeacherIdOrderByStartedAtDesc(UUID, UUID)&#10;	The method findOne(Specification&lt;AttendanceSession&gt;) of type UserServiceTest.MockAttendanceSessionRepository must override or implement a supertype method&#10;	The method findAll(Specification&lt;AttendanceSession&gt;) of type UserServiceTest.MockAttendanceSessionRepository must override or implement a supertype method&#10;	java.util.Page cannot be resolved to a type&#10;	The method count(Specification&lt;AttendanceSession&gt;) of type UserServiceTest.MockAttendanceSessionRepository must override or implement a supertype method&#10;	The method exists(Specification&lt;AttendanceSession&gt;) of type UserServiceTest.MockAttendanceSessionRepository must override or implement a supertype method&#10;	The method delete(Specification&lt;AttendanceSession&gt;) of type UserServiceTest.MockAttendanceSessionRepository must override or implement a supertype method&#10;	The method saveAll(Iterable&lt;? extends S&gt;) of type UserServiceTest.MockAttendanceSessionRepository must override or implement a supertype method&#10;	Name clash: The method saveAll(Iterable&lt;? extends S&gt;) of type UserServiceTest.MockAttendanceSessionRepository has the same erasure as saveAll(Iterable&lt;S&gt;) of type ListCrudRepository&lt;T,ID&gt; but does not override it&#10;	Name clash: The method saveAll(Iterable&lt;? extends S&gt;) of type UserServiceTest.MockAttendanceSessionRepository has the same erasure as saveAll(Iterable&lt;S&gt;) of type CrudRepository&lt;T,ID&gt; but does not override it&#10;	The method findById(UUID) of type UserServiceTest.MockAttendanceSessionRepository must override or implement a supertype method&#10;	java.util.Page cannot be resolved to a type&#10;	Syntax error on token &quot;}&quot;, delete this token&#10;	Duplicate field UserServiceTest.userId&#10;	Duplicate field UserServiceTest.testUser&#10;	Duplicate field UserServiceTest.userCreateRequest&#10;	Duplicate method setUp() in type UserServiceTest&#10;	Duplicate method testListAll() in type UserServiceTest&#10;	Duplicate method testListTeachers() in type UserServiceTest&#10;	Duplicate method testListTeachersEmpty() in type UserServiceTest&#10;	Duplicate method testCreateUserSuccess() in type UserServiceTest&#10;	Duplicate method testCreateUserEmailConflict() in type UserServiceTest&#10;	Duplicate method testDeleteUserSuccess() in type UserServiceTest&#10;	Duplicate method testDeleteUserNotFound() in type UserServiceTest&#10;	Duplicate method testDeleteUserWithAssignedClasses() in type UserServiceTest&#10;	Duplicate method testDeleteUserWithActiveSessions() in type UserServiceTest&#10;" type="java.lang.Error"><![CDATA[java.lang.Error: 
Unresolved compilation problems: 
	Duplicate field UserServiceTest.userId
	Duplicate field UserServiceTest.testUser
	Duplicate field UserServiceTest.userCreateRequest
	Duplicate method setUp() in type UserServiceTest
	Duplicate method testListAll() in type UserServiceTest
	Duplicate method testListTeachers() in type UserServiceTest
	Duplicate method testListTeachersEmpty() in type UserServiceTest
	Duplicate method testCreateUserSuccess() in type UserServiceTest
	Duplicate method testCreateUserEmailConflict() in type UserServiceTest
	Duplicate method testDeleteUserSuccess() in type UserServiceTest
	Duplicate method testDeleteUserNotFound() in type UserServiceTest
	Duplicate method testDeleteUserWithAssignedClasses() in type UserServiceTest
	Duplicate method testDeleteUserWithActiveSessions() in type UserServiceTest
	The type UserServiceTest.MockUserRepository must implement the inherited abstract method PagingAndSortingRepository<User,UUID>.findAll(Pageable)
	The type UserServiceTest.MockUserRepository must implement the inherited abstract method QueryByExampleExecutor<User>.findAll(Example<S>, Pageable)
	The type UserServiceTest.MockUserRepository must implement the inherited abstract method CrudRepository<User,UUID>.existsById(UUID)
	The type UserServiceTest.MockUserRepository must implement the inherited abstract method CrudRepository<User,UUID>.deleteAllById(Iterable<? extends UUID>)
	The type UserServiceTest.MockUserRepository must implement the inherited abstract method QueryByExampleExecutor<User>.findOne(Example<S>)
	The type UserServiceTest.MockUserRepository must implement the inherited abstract method JpaRepository<User,UUID>.saveAndFlush(S)
	The type UserServiceTest.MockUserRepository must implement the inherited abstract method ListCrudRepository<User,UUID>.saveAll(Iterable<S>)
	The type UserServiceTest.MockUserRepository must implement the inherited abstract method JpaRepository<User,UUID>.flush()
	The type UserServiceTest.MockUserRepository must implement the inherited abstract method JpaRepository<User,UUID>.deleteAllInBatch(Iterable<User>)
	The type UserServiceTest.MockUserRepository must implement the inherited abstract method JpaRepository<User,UUID>.deleteAllByIdInBatch(Iterable<UUID>)
	The type UserServiceTest.MockUserRepository must implement the inherited abstract method JpaRepository<User,UUID>.saveAllAndFlush(Iterable<S>)
	The method findOne(Specification<User>) of type UserServiceTest.MockUserRepository must override or implement a supertype method
	The method findAll(Specification<User>) of type UserServiceTest.MockUserRepository must override or implement a supertype method
	java.util.Page cannot be resolved to a type
	The method count(Specification<User>) of type UserServiceTest.MockUserRepository must override or implement a supertype method
	The method exists(Specification<User>) of type UserServiceTest.MockUserRepository must override or implement a supertype method
	The method delete(Specification<User>) of type UserServiceTest.MockUserRepository must override or implement a supertype method
	Erasure of method saveAll(Iterable<? extends User>) is the same as another method in type UserServiceTest.MockUserRepository
	Name clash: The method saveAll(Iterable<? extends User>) of type UserServiceTest.MockUserRepository has the same erasure as saveAll(Iterable<S>) of type CrudRepository<T,ID> but does not override it
	Name clash: The method saveAll(Iterable<? extends User>) of type UserServiceTest.MockUserRepository has the same erasure as saveAll(Iterable<S>) of type ListCrudRepository<T,ID> but does not override it
	The method saveAll(Iterable<? extends User>) of type UserServiceTest.MockUserRepository must override or implement a supertype method
	Erasure of method saveAll(Iterable<S>) is the same as another method in type UserServiceTest.MockUserRepository
	java.util.Page cannot be resolved to a type
	java.util.Page cannot be resolved to a type
	The type UserServiceTest.MockSchoolClassRepository must implement the inherited abstract method CrudRepository<SchoolClass,UUID>.findById(UUID)
	The type UserServiceTest.MockSchoolClassRepository must implement the inherited abstract method SchoolClassRepository.findByName(String)
	The type UserServiceTest.MockSchoolClassRepository must implement the inherited abstract method JpaRepository<SchoolClass,UUID>.deleteAllByIdInBatch(Iterable<UUID>)
	The type UserServiceTest.MockSchoolClassRepository must implement the inherited abstract method ListCrudRepository<SchoolClass,UUID>.saveAll(Iterable<S>)
	The type UserServiceTest.MockSchoolClassRepository must implement the inherited abstract method JpaRepository<SchoolClass,UUID>.saveAndFlush(S)
	The type UserServiceTest.MockSchoolClassRepository must implement the inherited abstract method JpaRepository<SchoolClass,UUID>.flush()
	The type UserServiceTest.MockSchoolClassRepository must implement the inherited abstract method QueryByExampleExecutor<SchoolClass>.findAll(Example<S>, Pageable)
	The type UserServiceTest.MockSchoolClassRepository must implement the inherited abstract method JpaRepository<SchoolClass,UUID>.deleteAllInBatch(Iterable<SchoolClass>)
	The type UserServiceTest.MockSchoolClassRepository must implement the inherited abstract method JpaRepository<SchoolClass,UUID>.saveAllAndFlush(Iterable<S>)
	The type UserServiceTest.MockSchoolClassRepository must implement the inherited abstract method QueryByExampleExecutor<SchoolClass>.findOne(Example<S>)
	The type UserServiceTest.MockSchoolClassRepository must implement the inherited abstract method SchoolClassRepository.existsByName(String)
	The type UserServiceTest.MockSchoolClassRepository must implement the inherited abstract method PagingAndSortingRepository<SchoolClass,UUID>.findAll(Pageable)
	The method findOne(Specification<SchoolClass>) of type UserServiceTest.MockSchoolClassRepository must override or implement a supertype method
	The method findAll(Specification<SchoolClass>) of type UserServiceTest.MockSchoolClassRepository must override or implement a supertype method
	java.util.Page cannot be resolved to a type
	The method count(Specification<SchoolClass>) of type UserServiceTest.MockSchoolClassRepository must override or implement a supertype method
	The method exists(Specification<SchoolClass>) of type UserServiceTest.MockSchoolClassRepository must override or implement a supertype method
	The method delete(Specification<SchoolClass>) of type UserServiceTest.MockSchoolClassRepository must override or implement a supertype method
	Name clash: The method saveAll(Iterable<? extends S>) of type UserServiceTest.MockSchoolClassRepository has the same erasure as saveAll(Iterable<S>) of type ListCrudRepository<T,ID> but does not override it
	Name clash: The method saveAll(Iterable<? extends S>) of type UserServiceTest.MockSchoolClassRepository has the same erasure as saveAll(Iterable<S>) of type CrudRepository<T,ID> but does not override it
	The method saveAll(Iterable<? extends S>) of type UserServiceTest.MockSchoolClassRepository must override or implement a supertype method
	The method findById(UUID) of type UserServiceTest.MockSchoolClassRepository must override or implement a supertype method
	java.util.Page cannot be resolved to a type
	java.util.Page cannot be resolved to a type
	The type UserServiceTest.MockAttendanceSessionRepository must implement the inherited abstract method CrudRepository<AttendanceSession,UUID>.findById(UUID)
	The type UserServiceTest.MockAttendanceSessionRepository must implement the inherited abstract method AttendanceSessionRepository.findBySchoolClassIdAndStatus(UUID, SessionStatus)
	The type UserServiceTest.MockAttendanceSessionRepository must implement the inherited abstract method JpaRepository<AttendanceSession,UUID>.deleteAllByIdInBatch(Iterable<UUID>)
	The type UserServiceTest.MockAttendanceSessionRepository must implement the inherited abstract method JpaRepository<AttendanceSession,UUID>.flush()
	The type UserServiceTest.MockAttendanceSessionRepository must implement the inherited abstract method ListCrudRepository<AttendanceSession,UUID>.saveAll(Iterable<S>)
	The type UserServiceTest.MockAttendanceSessionRepository must implement the inherited abstract method AttendanceSessionRepository.findBySchoolClassIdOrderByStartedAtDesc(UUID)
	The type UserServiceTest.MockAttendanceSessionRepository must implement the inherited abstract method JpaRepository<AttendanceSession,UUID>.saveAndFlush(S)
	The type UserServiceTest.MockAttendanceSessionRepository must implement the inherited abstract method QueryByExampleExecutor<AttendanceSession>.findAll(Example<S>, Pageable)
	The type UserServiceTest.MockAttendanceSessionRepository must implement the inherited abstract method JpaRepository<AttendanceSession,UUID>.deleteAllInBatch(Iterable<AttendanceSession>)
	The type UserServiceTest.MockAttendanceSessionRepository must implement the inherited abstract method QueryByExampleExecutor<AttendanceSession>.findOne(Example<S>)
	The type UserServiceTest.MockAttendanceSessionRepository must implement the inherited abstract method PagingAndSortingRepository<AttendanceSession,UUID>.findAll(Pageable)
	The type UserServiceTest.MockAttendanceSessionRepository must implement the inherited abstract method AttendanceSessionRepository.findAllByOrderByStartedAtDesc()
	The type UserServiceTest.MockAttendanceSessionRepository must implement the inherited abstract method JpaRepository<AttendanceSession,UUID>.saveAllAndFlush(Iterable<S>)
	The type UserServiceTest.MockAttendanceSessionRepository must implement the inherited abstract method AttendanceSessionRepository.findBySchoolClassIdAndTeacherIdOrderByStartedAtDesc(UUID, UUID)
	The method findOne(Specification<AttendanceSession>) of type UserServiceTest.MockAttendanceSessionRepository must override or implement a supertype method
	The method findAll(Specification<AttendanceSession>) of type UserServiceTest.MockAttendanceSessionRepository must override or implement a supertype method
	java.util.Page cannot be resolved to a type
	The method count(Specification<AttendanceSession>) of type UserServiceTest.MockAttendanceSessionRepository must override or implement a supertype method
	The method exists(Specification<AttendanceSession>) of type UserServiceTest.MockAttendanceSessionRepository must override or implement a supertype method
	The method delete(Specification<AttendanceSession>) of type UserServiceTest.MockAttendanceSessionRepository must override or implement a supertype method
	The method saveAll(Iterable<? extends S>) of type UserServiceTest.MockAttendanceSessionRepository must override or implement a supertype method
	Name clash: The method saveAll(Iterable<? extends S>) of type UserServiceTest.MockAttendanceSessionRepository has the same erasure as saveAll(Iterable<S>) of type ListCrudRepository<T,ID> but does not override it
	Name clash: The method saveAll(Iterable<? extends S>) of type UserServiceTest.MockAttendanceSessionRepository has the same erasure as saveAll(Iterable<S>) of type CrudRepository<T,ID> but does not override it
	The method findById(UUID) of type UserServiceTest.MockAttendanceSessionRepository must override or implement a supertype method
	java.util.Page cannot be resolved to a type
	Syntax error on token "}", delete this token
	Duplicate field UserServiceTest.userId
	Duplicate field UserServiceTest.testUser
	Duplicate field UserServiceTest.userCreateRequest
	Duplicate method setUp() in type UserServiceTest
	Duplicate method testListAll() in type UserServiceTest
	Duplicate method testListTeachers() in type UserServiceTest
	Duplicate method testListTeachersEmpty() in type UserServiceTest
	Duplicate method testCreateUserSuccess() in type UserServiceTest
	Duplicate method testCreateUserEmailConflict() in type UserServiceTest
	Duplicate method testDeleteUserSuccess() in type UserServiceTest
	Duplicate method testDeleteUserNotFound() in type UserServiceTest
	Duplicate method testDeleteUserWithAssignedClasses() in type UserServiceTest
	Duplicate method testDeleteUserWithActiveSessions() in type UserServiceTest

	at com.facetrack.service.UserServiceTest.<init>(UserServiceTest.java:38)
	at java.base/java.lang.reflect.Constructor.newInstanceWithCaller(Constructor.java:499)
	at java.base/java.lang.reflect.Constructor.newInstance(Constructor.java:483)
	at java.base/java.util.Optional.orElseGet(Optional.java:364)
	at java.base/java.util.ArrayList.forEach(ArrayList.java:1604)
	at java.base/java.util.ArrayList.forEach(ArrayList.java:1604)
]]></error>
  </testcase>
  <testcase name="testCreateUserEmailConflict" classname="com.facetrack.service.UserServiceTest" time="0.001">
    <error message="Unresolved compilation problems: &#10;	Duplicate field UserServiceTest.userId&#10;	Duplicate field UserServiceTest.testUser&#10;	Duplicate field UserServiceTest.userCreateRequest&#10;	Duplicate method setUp() in type UserServiceTest&#10;	Duplicate method testListAll() in type UserServiceTest&#10;	Duplicate method testListTeachers() in type UserServiceTest&#10;	Duplicate method testListTeachersEmpty() in type UserServiceTest&#10;	Duplicate method testCreateUserSuccess() in type UserServiceTest&#10;	Duplicate method testCreateUserEmailConflict() in type UserServiceTest&#10;	Duplicate method testDeleteUserSuccess() in type UserServiceTest&#10;	Duplicate method testDeleteUserNotFound() in type UserServiceTest&#10;	Duplicate method testDeleteUserWithAssignedClasses() in type UserServiceTest&#10;	Duplicate method testDeleteUserWithActiveSessions() in type UserServiceTest&#10;	The type UserServiceTest.MockUserRepository must implement the inherited abstract method PagingAndSortingRepository&lt;User,UUID&gt;.findAll(Pageable)&#10;	The type UserServiceTest.MockUserRepository must implement the inherited abstract method QueryByExampleExecutor&lt;User&gt;.findAll(Example&lt;S&gt;, Pageable)&#10;	The type UserServiceTest.MockUserRepository must implement the inherited abstract method CrudRepository&lt;User,UUID&gt;.existsById(UUID)&#10;	The type UserServiceTest.MockUserRepository must implement the inherited abstract method CrudRepository&lt;User,UUID&gt;.deleteAllById(Iterable&lt;? extends UUID&gt;)&#10;	The type UserServiceTest.MockUserRepository must implement the inherited abstract method QueryByExampleExecutor&lt;User&gt;.findOne(Example&lt;S&gt;)&#10;	The type UserServiceTest.MockUserRepository must implement the inherited abstract method JpaRepository&lt;User,UUID&gt;.saveAndFlush(S)&#10;	The type UserServiceTest.MockUserRepository must implement the inherited abstract method ListCrudRepository&lt;User,UUID&gt;.saveAll(Iterable&lt;S&gt;)&#10;	The type UserServiceTest.MockUserRepository must implement the inherited abstract method JpaRepository&lt;User,UUID&gt;.flush()&#10;	The type UserServiceTest.MockUserRepository must implement the inherited abstract method JpaRepository&lt;User,UUID&gt;.deleteAllInBatch(Iterable&lt;User&gt;)&#10;	The type UserServiceTest.MockUserRepository must implement the inherited abstract method JpaRepository&lt;User,UUID&gt;.deleteAllByIdInBatch(Iterable&lt;UUID&gt;)&#10;	The type UserServiceTest.MockUserRepository must implement the inherited abstract method JpaRepository&lt;User,UUID&gt;.saveAllAndFlush(Iterable&lt;S&gt;)&#10;	The method findOne(Specification&lt;User&gt;) of type UserServiceTest.MockUserRepository must override or implement a supertype method&#10;	The method findAll(Specification&lt;User&gt;) of type UserServiceTest.MockUserRepository must override or implement a supertype method&#10;	java.util.Page cannot be resolved to a type&#10;	The method count(Specification&lt;User&gt;) of type UserServiceTest.MockUserRepository must override or implement a supertype method&#10;	The method exists(Specification&lt;User&gt;) of type UserServiceTest.MockUserRepository must override or implement a supertype method&#10;	The method delete(Specification&lt;User&gt;) of type UserServiceTest.MockUserRepository must override or implement a supertype method&#10;	Erasure of method saveAll(Iterable&lt;? extends User&gt;) is the same as another method in type UserServiceTest.MockUserRepository&#10;	Name clash: The method saveAll(Iterable&lt;? extends User&gt;) of type UserServiceTest.MockUserRepository has the same erasure as saveAll(Iterable&lt;S&gt;) of type CrudRepository&lt;T,ID&gt; but does not override it&#10;	Name clash: The method saveAll(Iterable&lt;? extends User&gt;) of type UserServiceTest.MockUserRepository has the same erasure as saveAll(Iterable&lt;S&gt;) of type ListCrudRepository&lt;T,ID&gt; but does not override it&#10;	The method saveAll(Iterable&lt;? extends User&gt;) of type UserServiceTest.MockUserRepository must override or implement a supertype method&#10;	Erasure of method saveAll(Iterable&lt;S&gt;) is the same as another method in type UserServiceTest.MockUserRepository&#10;	java.util.Page cannot be resolved to a type&#10;	java.util.Page cannot be resolved to a type&#10;	The type UserServiceTest.MockSchoolClassRepository must implement the inherited abstract method CrudRepository&lt;SchoolClass,UUID&gt;.findById(UUID)&#10;	The type UserServiceTest.MockSchoolClassRepository must implement the inherited abstract method SchoolClassRepository.findByName(String)&#10;	The type UserServiceTest.MockSchoolClassRepository must implement the inherited abstract method JpaRepository&lt;SchoolClass,UUID&gt;.deleteAllByIdInBatch(Iterable&lt;UUID&gt;)&#10;	The type UserServiceTest.MockSchoolClassRepository must implement the inherited abstract method ListCrudRepository&lt;SchoolClass,UUID&gt;.saveAll(Iterable&lt;S&gt;)&#10;	The type UserServiceTest.MockSchoolClassRepository must implement the inherited abstract method JpaRepository&lt;SchoolClass,UUID&gt;.saveAndFlush(S)&#10;	The type UserServiceTest.MockSchoolClassRepository must implement the inherited abstract method JpaRepository&lt;SchoolClass,UUID&gt;.flush()&#10;	The type UserServiceTest.MockSchoolClassRepository must implement the inherited abstract method QueryByExampleExecutor&lt;SchoolClass&gt;.findAll(Example&lt;S&gt;, Pageable)&#10;	The type UserServiceTest.MockSchoolClassRepository must implement the inherited abstract method JpaRepository&lt;SchoolClass,UUID&gt;.deleteAllInBatch(Iterable&lt;SchoolClass&gt;)&#10;	The type UserServiceTest.MockSchoolClassRepository must implement the inherited abstract method JpaRepository&lt;SchoolClass,UUID&gt;.saveAllAndFlush(Iterable&lt;S&gt;)&#10;	The type UserServiceTest.MockSchoolClassRepository must implement the inherited abstract method QueryByExampleExecutor&lt;SchoolClass&gt;.findOne(Example&lt;S&gt;)&#10;	The type UserServiceTest.MockSchoolClassRepository must implement the inherited abstract method SchoolClassRepository.existsByName(String)&#10;	The type UserServiceTest.MockSchoolClassRepository must implement the inherited abstract method PagingAndSortingRepository&lt;SchoolClass,UUID&gt;.findAll(Pageable)&#10;	The method findOne(Specification&lt;SchoolClass&gt;) of type UserServiceTest.MockSchoolClassRepository must override or implement a supertype method&#10;	The method findAll(Specification&lt;SchoolClass&gt;) of type UserServiceTest.MockSchoolClassRepository must override or implement a supertype method&#10;	java.util.Page cannot be resolved to a type&#10;	The method count(Specification&lt;SchoolClass&gt;) of type UserServiceTest.MockSchoolClassRepository must override or implement a supertype method&#10;	The method exists(Specification&lt;SchoolClass&gt;) of type UserServiceTest.MockSchoolClassRepository must override or implement a supertype method&#10;	The method delete(Specification&lt;SchoolClass&gt;) of type UserServiceTest.MockSchoolClassRepository must override or implement a supertype method&#10;	Name clash: The method saveAll(Iterable&lt;? extends S&gt;) of type UserServiceTest.MockSchoolClassRepository has the same erasure as saveAll(Iterable&lt;S&gt;) of type ListCrudRepository&lt;T,ID&gt; but does not override it&#10;	Name clash: The method saveAll(Iterable&lt;? extends S&gt;) of type UserServiceTest.MockSchoolClassRepository has the same erasure as saveAll(Iterable&lt;S&gt;) of type CrudRepository&lt;T,ID&gt; but does not override it&#10;	The method saveAll(Iterable&lt;? extends S&gt;) of type UserServiceTest.MockSchoolClassRepository must override or implement a supertype method&#10;	The method findById(UUID) of type UserServiceTest.MockSchoolClassRepository must override or implement a supertype method&#10;	java.util.Page cannot be resolved to a type&#10;	java.util.Page cannot be resolved to a type&#10;	The type UserServiceTest.MockAttendanceSessionRepository must implement the inherited abstract method CrudRepository&lt;AttendanceSession,UUID&gt;.findById(UUID)&#10;	The type UserServiceTest.MockAttendanceSessionRepository must implement the inherited abstract method AttendanceSessionRepository.findBySchoolClassIdAndStatus(UUID, SessionStatus)&#10;	The type UserServiceTest.MockAttendanceSessionRepository must implement the inherited abstract method JpaRepository&lt;AttendanceSession,UUID&gt;.deleteAllByIdInBatch(Iterable&lt;UUID&gt;)&#10;	The type UserServiceTest.MockAttendanceSessionRepository must implement the inherited abstract method JpaRepository&lt;AttendanceSession,UUID&gt;.flush()&#10;	The type UserServiceTest.MockAttendanceSessionRepository must implement the inherited abstract method ListCrudRepository&lt;AttendanceSession,UUID&gt;.saveAll(Iterable&lt;S&gt;)&#10;	The type UserServiceTest.MockAttendanceSessionRepository must implement the inherited abstract method AttendanceSessionRepository.findBySchoolClassIdOrderByStartedAtDesc(UUID)&#10;	The type UserServiceTest.MockAttendanceSessionRepository must implement the inherited abstract method JpaRepository&lt;AttendanceSession,UUID&gt;.saveAndFlush(S)&#10;	The type UserServiceTest.MockAttendanceSessionRepository must implement the inherited abstract method QueryByExampleExecutor&lt;AttendanceSession&gt;.findAll(Example&lt;S&gt;, Pageable)&#10;	The type UserServiceTest.MockAttendanceSessionRepository must implement the inherited abstract method JpaRepository&lt;AttendanceSession,UUID&gt;.deleteAllInBatch(Iterable&lt;AttendanceSession&gt;)&#10;	The type UserServiceTest.MockAttendanceSessionRepository must implement the inherited abstract method QueryByExampleExecutor&lt;AttendanceSession&gt;.findOne(Example&lt;S&gt;)&#10;	The type UserServiceTest.MockAttendanceSessionRepository must implement the inherited abstract method PagingAndSortingRepository&lt;AttendanceSession,UUID&gt;.findAll(Pageable)&#10;	The type UserServiceTest.MockAttendanceSessionRepository must implement the inherited abstract method AttendanceSessionRepository.findAllByOrderByStartedAtDesc()&#10;	The type UserServiceTest.MockAttendanceSessionRepository must implement the inherited abstract method JpaRepository&lt;AttendanceSession,UUID&gt;.saveAllAndFlush(Iterable&lt;S&gt;)&#10;	The type UserServiceTest.MockAttendanceSessionRepository must implement the inherited abstract method AttendanceSessionRepository.findBySchoolClassIdAndTeacherIdOrderByStartedAtDesc(UUID, UUID)&#10;	The method findOne(Specification&lt;AttendanceSession&gt;) of type UserServiceTest.MockAttendanceSessionRepository must override or implement a supertype method&#10;	The method findAll(Specification&lt;AttendanceSession&gt;) of type UserServiceTest.MockAttendanceSessionRepository must override or implement a supertype method&#10;	java.util.Page cannot be resolved to a type&#10;	The method count(Specification&lt;AttendanceSession&gt;) of type UserServiceTest.MockAttendanceSessionRepository must override or implement a supertype method&#10;	The method exists(Specification&lt;AttendanceSession&gt;) of type UserServiceTest.MockAttendanceSessionRepository must override or implement a supertype method&#10;	The method delete(Specification&lt;AttendanceSession&gt;) of type UserServiceTest.MockAttendanceSessionRepository must override or implement a supertype method&#10;	The method saveAll(Iterable&lt;? extends S&gt;) of type UserServiceTest.MockAttendanceSessionRepository must override or implement a supertype method&#10;	Name clash: The method saveAll(Iterable&lt;? extends S&gt;) of type UserServiceTest.MockAttendanceSessionRepository has the same erasure as saveAll(Iterable&lt;S&gt;) of type ListCrudRepository&lt;T,ID&gt; but does not override it&#10;	Name clash: The method saveAll(Iterable&lt;? extends S&gt;) of type UserServiceTest.MockAttendanceSessionRepository has the same erasure as saveAll(Iterable&lt;S&gt;) of type CrudRepository&lt;T,ID&gt; but does not override it&#10;	The method findById(UUID) of type UserServiceTest.MockAttendanceSessionRepository must override or implement a supertype method&#10;	java.util.Page cannot be resolved to a type&#10;	Syntax error on token &quot;}&quot;, delete this token&#10;	Duplicate field UserServiceTest.userId&#10;	Duplicate field UserServiceTest.testUser&#10;	Duplicate field UserServiceTest.userCreateRequest&#10;	Duplicate method setUp() in type UserServiceTest&#10;	Duplicate method testListAll() in type UserServiceTest&#10;	Duplicate method testListTeachers() in type UserServiceTest&#10;	Duplicate method testListTeachersEmpty() in type UserServiceTest&#10;	Duplicate method testCreateUserSuccess() in type UserServiceTest&#10;	Duplicate method testCreateUserEmailConflict() in type UserServiceTest&#10;	Duplicate method testDeleteUserSuccess() in type UserServiceTest&#10;	Duplicate method testDeleteUserNotFound() in type UserServiceTest&#10;	Duplicate method testDeleteUserWithAssignedClasses() in type UserServiceTest&#10;	Duplicate method testDeleteUserWithActiveSessions() in type UserServiceTest&#10;" type="java.lang.Error"><![CDATA[java.lang.Error: 
Unresolved compilation problems: 
	Duplicate field UserServiceTest.userId
	Duplicate field UserServiceTest.testUser
	Duplicate field UserServiceTest.userCreateRequest
	Duplicate method setUp() in type UserServiceTest
	Duplicate method testListAll() in type UserServiceTest
	Duplicate method testListTeachers() in type UserServiceTest
	Duplicate method testListTeachersEmpty() in type UserServiceTest
	Duplicate method testCreateUserSuccess() in type UserServiceTest
	Duplicate method testCreateUserEmailConflict() in type UserServiceTest
	Duplicate method testDeleteUserSuccess() in type UserServiceTest
	Duplicate method testDeleteUserNotFound() in type UserServiceTest
	Duplicate method testDeleteUserWithAssignedClasses() in type UserServiceTest
	Duplicate method testDeleteUserWithActiveSessions() in type UserServiceTest
	The type UserServiceTest.MockUserRepository must implement the inherited abstract method PagingAndSortingRepository<User,UUID>.findAll(Pageable)
	The type UserServiceTest.MockUserRepository must implement the inherited abstract method QueryByExampleExecutor<User>.findAll(Example<S>, Pageable)
	The type UserServiceTest.MockUserRepository must implement the inherited abstract method CrudRepository<User,UUID>.existsById(UUID)
	The type UserServiceTest.MockUserRepository must implement the inherited abstract method CrudRepository<User,UUID>.deleteAllById(Iterable<? extends UUID>)
	The type UserServiceTest.MockUserRepository must implement the inherited abstract method QueryByExampleExecutor<User>.findOne(Example<S>)
	The type UserServiceTest.MockUserRepository must implement the inherited abstract method JpaRepository<User,UUID>.saveAndFlush(S)
	The type UserServiceTest.MockUserRepository must implement the inherited abstract method ListCrudRepository<User,UUID>.saveAll(Iterable<S>)
	The type UserServiceTest.MockUserRepository must implement the inherited abstract method JpaRepository<User,UUID>.flush()
	The type UserServiceTest.MockUserRepository must implement the inherited abstract method JpaRepository<User,UUID>.deleteAllInBatch(Iterable<User>)
	The type UserServiceTest.MockUserRepository must implement the inherited abstract method JpaRepository<User,UUID>.deleteAllByIdInBatch(Iterable<UUID>)
	The type UserServiceTest.MockUserRepository must implement the inherited abstract method JpaRepository<User,UUID>.saveAllAndFlush(Iterable<S>)
	The method findOne(Specification<User>) of type UserServiceTest.MockUserRepository must override or implement a supertype method
	The method findAll(Specification<User>) of type UserServiceTest.MockUserRepository must override or implement a supertype method
	java.util.Page cannot be resolved to a type
	The method count(Specification<User>) of type UserServiceTest.MockUserRepository must override or implement a supertype method
	The method exists(Specification<User>) of type UserServiceTest.MockUserRepository must override or implement a supertype method
	The method delete(Specification<User>) of type UserServiceTest.MockUserRepository must override or implement a supertype method
	Erasure of method saveAll(Iterable<? extends User>) is the same as another method in type UserServiceTest.MockUserRepository
	Name clash: The method saveAll(Iterable<? extends User>) of type UserServiceTest.MockUserRepository has the same erasure as saveAll(Iterable<S>) of type CrudRepository<T,ID> but does not override it
	Name clash: The method saveAll(Iterable<? extends User>) of type UserServiceTest.MockUserRepository has the same erasure as saveAll(Iterable<S>) of type ListCrudRepository<T,ID> but does not override it
	The method saveAll(Iterable<? extends User>) of type UserServiceTest.MockUserRepository must override or implement a supertype method
	Erasure of method saveAll(Iterable<S>) is the same as another method in type UserServiceTest.MockUserRepository
	java.util.Page cannot be resolved to a type
	java.util.Page cannot be resolved to a type
	The type UserServiceTest.MockSchoolClassRepository must implement the inherited abstract method CrudRepository<SchoolClass,UUID>.findById(UUID)
	The type UserServiceTest.MockSchoolClassRepository must implement the inherited abstract method SchoolClassRepository.findByName(String)
	The type UserServiceTest.MockSchoolClassRepository must implement the inherited abstract method JpaRepository<SchoolClass,UUID>.deleteAllByIdInBatch(Iterable<UUID>)
	The type UserServiceTest.MockSchoolClassRepository must implement the inherited abstract method ListCrudRepository<SchoolClass,UUID>.saveAll(Iterable<S>)
	The type UserServiceTest.MockSchoolClassRepository must implement the inherited abstract method JpaRepository<SchoolClass,UUID>.saveAndFlush(S)
	The type UserServiceTest.MockSchoolClassRepository must implement the inherited abstract method JpaRepository<SchoolClass,UUID>.flush()
	The type UserServiceTest.MockSchoolClassRepository must implement the inherited abstract method QueryByExampleExecutor<SchoolClass>.findAll(Example<S>, Pageable)
	The type UserServiceTest.MockSchoolClassRepository must implement the inherited abstract method JpaRepository<SchoolClass,UUID>.deleteAllInBatch(Iterable<SchoolClass>)
	The type UserServiceTest.MockSchoolClassRepository must implement the inherited abstract method JpaRepository<SchoolClass,UUID>.saveAllAndFlush(Iterable<S>)
	The type UserServiceTest.MockSchoolClassRepository must implement the inherited abstract method QueryByExampleExecutor<SchoolClass>.findOne(Example<S>)
	The type UserServiceTest.MockSchoolClassRepository must implement the inherited abstract method SchoolClassRepository.existsByName(String)
	The type UserServiceTest.MockSchoolClassRepository must implement the inherited abstract method PagingAndSortingRepository<SchoolClass,UUID>.findAll(Pageable)
	The method findOne(Specification<SchoolClass>) of type UserServiceTest.MockSchoolClassRepository must override or implement a supertype method
	The method findAll(Specification<SchoolClass>) of type UserServiceTest.MockSchoolClassRepository must override or implement a supertype method
	java.util.Page cannot be resolved to a type
	The method count(Specification<SchoolClass>) of type UserServiceTest.MockSchoolClassRepository must override or implement a supertype method
	The method exists(Specification<SchoolClass>) of type UserServiceTest.MockSchoolClassRepository must override or implement a supertype method
	The method delete(Specification<SchoolClass>) of type UserServiceTest.MockSchoolClassRepository must override or implement a supertype method
	Name clash: The method saveAll(Iterable<? extends S>) of type UserServiceTest.MockSchoolClassRepository has the same erasure as saveAll(Iterable<S>) of type ListCrudRepository<T,ID> but does not override it
	Name clash: The method saveAll(Iterable<? extends S>) of type UserServiceTest.MockSchoolClassRepository has the same erasure as saveAll(Iterable<S>) of type CrudRepository<T,ID> but does not override it
	The method saveAll(Iterable<? extends S>) of type UserServiceTest.MockSchoolClassRepository must override or implement a supertype method
	The method findById(UUID) of type UserServiceTest.MockSchoolClassRepository must override or implement a supertype method
	java.util.Page cannot be resolved to a type
	java.util.Page cannot be resolved to a type
	The type UserServiceTest.MockAttendanceSessionRepository must implement the inherited abstract method CrudRepository<AttendanceSession,UUID>.findById(UUID)
	The type UserServiceTest.MockAttendanceSessionRepository must implement the inherited abstract method AttendanceSessionRepository.findBySchoolClassIdAndStatus(UUID, SessionStatus)
	The type UserServiceTest.MockAttendanceSessionRepository must implement the inherited abstract method JpaRepository<AttendanceSession,UUID>.deleteAllByIdInBatch(Iterable<UUID>)
	The type UserServiceTest.MockAttendanceSessionRepository must implement the inherited abstract method JpaRepository<AttendanceSession,UUID>.flush()
	The type UserServiceTest.MockAttendanceSessionRepository must implement the inherited abstract method ListCrudRepository<AttendanceSession,UUID>.saveAll(Iterable<S>)
	The type UserServiceTest.MockAttendanceSessionRepository must implement the inherited abstract method AttendanceSessionRepository.findBySchoolClassIdOrderByStartedAtDesc(UUID)
	The type UserServiceTest.MockAttendanceSessionRepository must implement the inherited abstract method JpaRepository<AttendanceSession,UUID>.saveAndFlush(S)
	The type UserServiceTest.MockAttendanceSessionRepository must implement the inherited abstract method QueryByExampleExecutor<AttendanceSession>.findAll(Example<S>, Pageable)
	The type UserServiceTest.MockAttendanceSessionRepository must implement the inherited abstract method JpaRepository<AttendanceSession,UUID>.deleteAllInBatch(Iterable<AttendanceSession>)
	The type UserServiceTest.MockAttendanceSessionRepository must implement the inherited abstract method QueryByExampleExecutor<AttendanceSession>.findOne(Example<S>)
	The type UserServiceTest.MockAttendanceSessionRepository must implement the inherited abstract method PagingAndSortingRepository<AttendanceSession,UUID>.findAll(Pageable)
	The type UserServiceTest.MockAttendanceSessionRepository must implement the inherited abstract method AttendanceSessionRepository.findAllByOrderByStartedAtDesc()
	The type UserServiceTest.MockAttendanceSessionRepository must implement the inherited abstract method JpaRepository<AttendanceSession,UUID>.saveAllAndFlush(Iterable<S>)
	The type UserServiceTest.MockAttendanceSessionRepository must implement the inherited abstract method AttendanceSessionRepository.findBySchoolClassIdAndTeacherIdOrderByStartedAtDesc(UUID, UUID)
	The method findOne(Specification<AttendanceSession>) of type UserServiceTest.MockAttendanceSessionRepository must override or implement a supertype method
	The method findAll(Specification<AttendanceSession>) of type UserServiceTest.MockAttendanceSessionRepository must override or implement a supertype method
	java.util.Page cannot be resolved to a type
	The method count(Specification<AttendanceSession>) of type UserServiceTest.MockAttendanceSessionRepository must override or implement a supertype method
	The method exists(Specification<AttendanceSession>) of type UserServiceTest.MockAttendanceSessionRepository must override or implement a supertype method
	The method delete(Specification<AttendanceSession>) of type UserServiceTest.MockAttendanceSessionRepository must override or implement a supertype method
	The method saveAll(Iterable<? extends S>) of type UserServiceTest.MockAttendanceSessionRepository must override or implement a supertype method
	Name clash: The method saveAll(Iterable<? extends S>) of type UserServiceTest.MockAttendanceSessionRepository has the same erasure as saveAll(Iterable<S>) of type ListCrudRepository<T,ID> but does not override it
	Name clash: The method saveAll(Iterable<? extends S>) of type UserServiceTest.MockAttendanceSessionRepository has the same erasure as saveAll(Iterable<S>) of type CrudRepository<T,ID> but does not override it
	The method findById(UUID) of type UserServiceTest.MockAttendanceSessionRepository must override or implement a supertype method
	java.util.Page cannot be resolved to a type
	Syntax error on token "}", delete this token
	Duplicate field UserServiceTest.userId
	Duplicate field UserServiceTest.testUser
	Duplicate field UserServiceTest.userCreateRequest
	Duplicate method setUp() in type UserServiceTest
	Duplicate method testListAll() in type UserServiceTest
	Duplicate method testListTeachers() in type UserServiceTest
	Duplicate method testListTeachersEmpty() in type UserServiceTest
	Duplicate method testCreateUserSuccess() in type UserServiceTest
	Duplicate method testCreateUserEmailConflict() in type UserServiceTest
	Duplicate method testDeleteUserSuccess() in type UserServiceTest
	Duplicate method testDeleteUserNotFound() in type UserServiceTest
	Duplicate method testDeleteUserWithAssignedClasses() in type UserServiceTest
	Duplicate method testDeleteUserWithActiveSessions() in type UserServiceTest

	at com.facetrack.service.UserServiceTest.<init>(UserServiceTest.java:38)
	at java.base/java.lang.reflect.Constructor.newInstanceWithCaller(Constructor.java:499)
	at java.base/java.lang.reflect.Constructor.newInstance(Constructor.java:483)
	at java.base/java.util.Optional.orElseGet(Optional.java:364)
	at java.base/java.util.ArrayList.forEach(ArrayList.java:1604)
	at java.base/java.util.ArrayList.forEach(ArrayList.java:1604)
]]></error>
  </testcase>
  <testcase name="testListAll" classname="com.facetrack.service.UserServiceTest" time="0.001">
    <error message="Unresolved compilation problems: &#10;	Duplicate field UserServiceTest.userId&#10;	Duplicate field UserServiceTest.testUser&#10;	Duplicate field UserServiceTest.userCreateRequest&#10;	Duplicate method setUp() in type UserServiceTest&#10;	Duplicate method testListAll() in type UserServiceTest&#10;	Duplicate method testListTeachers() in type UserServiceTest&#10;	Duplicate method testListTeachersEmpty() in type UserServiceTest&#10;	Duplicate method testCreateUserSuccess() in type UserServiceTest&#10;	Duplicate method testCreateUserEmailConflict() in type UserServiceTest&#10;	Duplicate method testDeleteUserSuccess() in type UserServiceTest&#10;	Duplicate method testDeleteUserNotFound() in type UserServiceTest&#10;	Duplicate method testDeleteUserWithAssignedClasses() in type UserServiceTest&#10;	Duplicate method testDeleteUserWithActiveSessions() in type UserServiceTest&#10;	The type UserServiceTest.MockUserRepository must implement the inherited abstract method PagingAndSortingRepository&lt;User,UUID&gt;.findAll(Pageable)&#10;	The type UserServiceTest.MockUserRepository must implement the inherited abstract method QueryByExampleExecutor&lt;User&gt;.findAll(Example&lt;S&gt;, Pageable)&#10;	The type UserServiceTest.MockUserRepository must implement the inherited abstract method CrudRepository&lt;User,UUID&gt;.existsById(UUID)&#10;	The type UserServiceTest.MockUserRepository must implement the inherited abstract method CrudRepository&lt;User,UUID&gt;.deleteAllById(Iterable&lt;? extends UUID&gt;)&#10;	The type UserServiceTest.MockUserRepository must implement the inherited abstract method QueryByExampleExecutor&lt;User&gt;.findOne(Example&lt;S&gt;)&#10;	The type UserServiceTest.MockUserRepository must implement the inherited abstract method JpaRepository&lt;User,UUID&gt;.saveAndFlush(S)&#10;	The type UserServiceTest.MockUserRepository must implement the inherited abstract method ListCrudRepository&lt;User,UUID&gt;.saveAll(Iterable&lt;S&gt;)&#10;	The type UserServiceTest.MockUserRepository must implement the inherited abstract method JpaRepository&lt;User,UUID&gt;.flush()&#10;	The type UserServiceTest.MockUserRepository must implement the inherited abstract method JpaRepository&lt;User,UUID&gt;.deleteAllInBatch(Iterable&lt;User&gt;)&#10;	The type UserServiceTest.MockUserRepository must implement the inherited abstract method JpaRepository&lt;User,UUID&gt;.deleteAllByIdInBatch(Iterable&lt;UUID&gt;)&#10;	The type UserServiceTest.MockUserRepository must implement the inherited abstract method JpaRepository&lt;User,UUID&gt;.saveAllAndFlush(Iterable&lt;S&gt;)&#10;	The method findOne(Specification&lt;User&gt;) of type UserServiceTest.MockUserRepository must override or implement a supertype method&#10;	The method findAll(Specification&lt;User&gt;) of type UserServiceTest.MockUserRepository must override or implement a supertype method&#10;	java.util.Page cannot be resolved to a type&#10;	The method count(Specification&lt;User&gt;) of type UserServiceTest.MockUserRepository must override or implement a supertype method&#10;	The method exists(Specification&lt;User&gt;) of type UserServiceTest.MockUserRepository must override or implement a supertype method&#10;	The method delete(Specification&lt;User&gt;) of type UserServiceTest.MockUserRepository must override or implement a supertype method&#10;	Erasure of method saveAll(Iterable&lt;? extends User&gt;) is the same as another method in type UserServiceTest.MockUserRepository&#10;	Name clash: The method saveAll(Iterable&lt;? extends User&gt;) of type UserServiceTest.MockUserRepository has the same erasure as saveAll(Iterable&lt;S&gt;) of type CrudRepository&lt;T,ID&gt; but does not override it&#10;	Name clash: The method saveAll(Iterable&lt;? extends User&gt;) of type UserServiceTest.MockUserRepository has the same erasure as saveAll(Iterable&lt;S&gt;) of type ListCrudRepository&lt;T,ID&gt; but does not override it&#10;	The method saveAll(Iterable&lt;? extends User&gt;) of type UserServiceTest.MockUserRepository must override or implement a supertype method&#10;	Erasure of method saveAll(Iterable&lt;S&gt;) is the same as another method in type UserServiceTest.MockUserRepository&#10;	java.util.Page cannot be resolved to a type&#10;	java.util.Page cannot be resolved to a type&#10;	The type UserServiceTest.MockSchoolClassRepository must implement the inherited abstract method CrudRepository&lt;SchoolClass,UUID&gt;.findById(UUID)&#10;	The type UserServiceTest.MockSchoolClassRepository must implement the inherited abstract method SchoolClassRepository.findByName(String)&#10;	The type UserServiceTest.MockSchoolClassRepository must implement the inherited abstract method JpaRepository&lt;SchoolClass,UUID&gt;.deleteAllByIdInBatch(Iterable&lt;UUID&gt;)&#10;	The type UserServiceTest.MockSchoolClassRepository must implement the inherited abstract method ListCrudRepository&lt;SchoolClass,UUID&gt;.saveAll(Iterable&lt;S&gt;)&#10;	The type UserServiceTest.MockSchoolClassRepository must implement the inherited abstract method JpaRepository&lt;SchoolClass,UUID&gt;.saveAndFlush(S)&#10;	The type UserServiceTest.MockSchoolClassRepository must implement the inherited abstract method JpaRepository&lt;SchoolClass,UUID&gt;.flush()&#10;	The type UserServiceTest.MockSchoolClassRepository must implement the inherited abstract method QueryByExampleExecutor&lt;SchoolClass&gt;.findAll(Example&lt;S&gt;, Pageable)&#10;	The type UserServiceTest.MockSchoolClassRepository must implement the inherited abstract method JpaRepository&lt;SchoolClass,UUID&gt;.deleteAllInBatch(Iterable&lt;SchoolClass&gt;)&#10;	The type UserServiceTest.MockSchoolClassRepository must implement the inherited abstract method JpaRepository&lt;SchoolClass,UUID&gt;.saveAllAndFlush(Iterable&lt;S&gt;)&#10;	The type UserServiceTest.MockSchoolClassRepository must implement the inherited abstract method QueryByExampleExecutor&lt;SchoolClass&gt;.findOne(Example&lt;S&gt;)&#10;	The type UserServiceTest.MockSchoolClassRepository must implement the inherited abstract method SchoolClassRepository.existsByName(String)&#10;	The type UserServiceTest.MockSchoolClassRepository must implement the inherited abstract method PagingAndSortingRepository&lt;SchoolClass,UUID&gt;.findAll(Pageable)&#10;	The method findOne(Specification&lt;SchoolClass&gt;) of type UserServiceTest.MockSchoolClassRepository must override or implement a supertype method&#10;	The method findAll(Specification&lt;SchoolClass&gt;) of type UserServiceTest.MockSchoolClassRepository must override or implement a supertype method&#10;	java.util.Page cannot be resolved to a type&#10;	The method count(Specification&lt;SchoolClass&gt;) of type UserServiceTest.MockSchoolClassRepository must override or implement a supertype method&#10;	The method exists(Specification&lt;SchoolClass&gt;) of type UserServiceTest.MockSchoolClassRepository must override or implement a supertype method&#10;	The method delete(Specification&lt;SchoolClass&gt;) of type UserServiceTest.MockSchoolClassRepository must override or implement a supertype method&#10;	Name clash: The method saveAll(Iterable&lt;? extends S&gt;) of type UserServiceTest.MockSchoolClassRepository has the same erasure as saveAll(Iterable&lt;S&gt;) of type ListCrudRepository&lt;T,ID&gt; but does not override it&#10;	Name clash: The method saveAll(Iterable&lt;? extends S&gt;) of type UserServiceTest.MockSchoolClassRepository has the same erasure as saveAll(Iterable&lt;S&gt;) of type CrudRepository&lt;T,ID&gt; but does not override it&#10;	The method saveAll(Iterable&lt;? extends S&gt;) of type UserServiceTest.MockSchoolClassRepository must override or implement a supertype method&#10;	The method findById(UUID) of type UserServiceTest.MockSchoolClassRepository must override or implement a supertype method&#10;	java.util.Page cannot be resolved to a type&#10;	java.util.Page cannot be resolved to a type&#10;	The type UserServiceTest.MockAttendanceSessionRepository must implement the inherited abstract method CrudRepository&lt;AttendanceSession,UUID&gt;.findById(UUID)&#10;	The type UserServiceTest.MockAttendanceSessionRepository must implement the inherited abstract method AttendanceSessionRepository.findBySchoolClassIdAndStatus(UUID, SessionStatus)&#10;	The type UserServiceTest.MockAttendanceSessionRepository must implement the inherited abstract method JpaRepository&lt;AttendanceSession,UUID&gt;.deleteAllByIdInBatch(Iterable&lt;UUID&gt;)&#10;	The type UserServiceTest.MockAttendanceSessionRepository must implement the inherited abstract method JpaRepository&lt;AttendanceSession,UUID&gt;.flush()&#10;	The type UserServiceTest.MockAttendanceSessionRepository must implement the inherited abstract method ListCrudRepository&lt;AttendanceSession,UUID&gt;.saveAll(Iterable&lt;S&gt;)&#10;	The type UserServiceTest.MockAttendanceSessionRepository must implement the inherited abstract method AttendanceSessionRepository.findBySchoolClassIdOrderByStartedAtDesc(UUID)&#10;	The type UserServiceTest.MockAttendanceSessionRepository must implement the inherited abstract method JpaRepository&lt;AttendanceSession,UUID&gt;.saveAndFlush(S)&#10;	The type UserServiceTest.MockAttendanceSessionRepository must implement the inherited abstract method QueryByExampleExecutor&lt;AttendanceSession&gt;.findAll(Example&lt;S&gt;, Pageable)&#10;	The type UserServiceTest.MockAttendanceSessionRepository must implement the inherited abstract method JpaRepository&lt;AttendanceSession,UUID&gt;.deleteAllInBatch(Iterable&lt;AttendanceSession&gt;)&#10;	The type UserServiceTest.MockAttendanceSessionRepository must implement the inherited abstract method QueryByExampleExecutor&lt;AttendanceSession&gt;.findOne(Example&lt;S&gt;)&#10;	The type UserServiceTest.MockAttendanceSessionRepository must implement the inherited abstract method PagingAndSortingRepository&lt;AttendanceSession,UUID&gt;.findAll(Pageable)&#10;	The type UserServiceTest.MockAttendanceSessionRepository must implement the inherited abstract method AttendanceSessionRepository.findAllByOrderByStartedAtDesc()&#10;	The type UserServiceTest.MockAttendanceSessionRepository must implement the inherited abstract method JpaRepository&lt;AttendanceSession,UUID&gt;.saveAllAndFlush(Iterable&lt;S&gt;)&#10;	The type UserServiceTest.MockAttendanceSessionRepository must implement the inherited abstract method AttendanceSessionRepository.findBySchoolClassIdAndTeacherIdOrderByStartedAtDesc(UUID, UUID)&#10;	The method findOne(Specification&lt;AttendanceSession&gt;) of type UserServiceTest.MockAttendanceSessionRepository must override or implement a supertype method&#10;	The method findAll(Specification&lt;AttendanceSession&gt;) of type UserServiceTest.MockAttendanceSessionRepository must override or implement a supertype method&#10;	java.util.Page cannot be resolved to a type&#10;	The method count(Specification&lt;AttendanceSession&gt;) of type UserServiceTest.MockAttendanceSessionRepository must override or implement a supertype method&#10;	The method exists(Specification&lt;AttendanceSession&gt;) of type UserServiceTest.MockAttendanceSessionRepository must override or implement a supertype method&#10;	The method delete(Specification&lt;AttendanceSession&gt;) of type UserServiceTest.MockAttendanceSessionRepository must override or implement a supertype method&#10;	The method saveAll(Iterable&lt;? extends S&gt;) of type UserServiceTest.MockAttendanceSessionRepository must override or implement a supertype method&#10;	Name clash: The method saveAll(Iterable&lt;? extends S&gt;) of type UserServiceTest.MockAttendanceSessionRepository has the same erasure as saveAll(Iterable&lt;S&gt;) of type ListCrudRepository&lt;T,ID&gt; but does not override it&#10;	Name clash: The method saveAll(Iterable&lt;? extends S&gt;) of type UserServiceTest.MockAttendanceSessionRepository has the same erasure as saveAll(Iterable&lt;S&gt;) of type CrudRepository&lt;T,ID&gt; but does not override it&#10;	The method findById(UUID) of type UserServiceTest.MockAttendanceSessionRepository must override or implement a supertype method&#10;	java.util.Page cannot be resolved to a type&#10;	Syntax error on token &quot;}&quot;, delete this token&#10;	Duplicate field UserServiceTest.userId&#10;	Duplicate field UserServiceTest.testUser&#10;	Duplicate field UserServiceTest.userCreateRequest&#10;	Duplicate method setUp() in type UserServiceTest&#10;	Duplicate method testListAll() in type UserServiceTest&#10;	Duplicate method testListTeachers() in type UserServiceTest&#10;	Duplicate method testListTeachersEmpty() in type UserServiceTest&#10;	Duplicate method testCreateUserSuccess() in type UserServiceTest&#10;	Duplicate method testCreateUserEmailConflict() in type UserServiceTest&#10;	Duplicate method testDeleteUserSuccess() in type UserServiceTest&#10;	Duplicate method testDeleteUserNotFound() in type UserServiceTest&#10;	Duplicate method testDeleteUserWithAssignedClasses() in type UserServiceTest&#10;	Duplicate method testDeleteUserWithActiveSessions() in type UserServiceTest&#10;" type="java.lang.Error"><![CDATA[java.lang.Error: 
Unresolved compilation problems: 
	Duplicate field UserServiceTest.userId
	Duplicate field UserServiceTest.testUser
	Duplicate field UserServiceTest.userCreateRequest
	Duplicate method setUp() in type UserServiceTest
	Duplicate method testListAll() in type UserServiceTest
	Duplicate method testListTeachers() in type UserServiceTest
	Duplicate method testListTeachersEmpty() in type UserServiceTest
	Duplicate method testCreateUserSuccess() in type UserServiceTest
	Duplicate method testCreateUserEmailConflict() in type UserServiceTest
	Duplicate method testDeleteUserSuccess() in type UserServiceTest
	Duplicate method testDeleteUserNotFound() in type UserServiceTest
	Duplicate method testDeleteUserWithAssignedClasses() in type UserServiceTest
	Duplicate method testDeleteUserWithActiveSessions() in type UserServiceTest
	The type UserServiceTest.MockUserRepository must implement the inherited abstract method PagingAndSortingRepository<User,UUID>.findAll(Pageable)
	The type UserServiceTest.MockUserRepository must implement the inherited abstract method QueryByExampleExecutor<User>.findAll(Example<S>, Pageable)
	The type UserServiceTest.MockUserRepository must implement the inherited abstract method CrudRepository<User,UUID>.existsById(UUID)
	The type UserServiceTest.MockUserRepository must implement the inherited abstract method CrudRepository<User,UUID>.deleteAllById(Iterable<? extends UUID>)
	The type UserServiceTest.MockUserRepository must implement the inherited abstract method QueryByExampleExecutor<User>.findOne(Example<S>)
	The type UserServiceTest.MockUserRepository must implement the inherited abstract method JpaRepository<User,UUID>.saveAndFlush(S)
	The type UserServiceTest.MockUserRepository must implement the inherited abstract method ListCrudRepository<User,UUID>.saveAll(Iterable<S>)
	The type UserServiceTest.MockUserRepository must implement the inherited abstract method JpaRepository<User,UUID>.flush()
	The type UserServiceTest.MockUserRepository must implement the inherited abstract method JpaRepository<User,UUID>.deleteAllInBatch(Iterable<User>)
	The type UserServiceTest.MockUserRepository must implement the inherited abstract method JpaRepository<User,UUID>.deleteAllByIdInBatch(Iterable<UUID>)
	The type UserServiceTest.MockUserRepository must implement the inherited abstract method JpaRepository<User,UUID>.saveAllAndFlush(Iterable<S>)
	The method findOne(Specification<User>) of type UserServiceTest.MockUserRepository must override or implement a supertype method
	The method findAll(Specification<User>) of type UserServiceTest.MockUserRepository must override or implement a supertype method
	java.util.Page cannot be resolved to a type
	The method count(Specification<User>) of type UserServiceTest.MockUserRepository must override or implement a supertype method
	The method exists(Specification<User>) of type UserServiceTest.MockUserRepository must override or implement a supertype method
	The method delete(Specification<User>) of type UserServiceTest.MockUserRepository must override or implement a supertype method
	Erasure of method saveAll(Iterable<? extends User>) is the same as another method in type UserServiceTest.MockUserRepository
	Name clash: The method saveAll(Iterable<? extends User>) of type UserServiceTest.MockUserRepository has the same erasure as saveAll(Iterable<S>) of type CrudRepository<T,ID> but does not override it
	Name clash: The method saveAll(Iterable<? extends User>) of type UserServiceTest.MockUserRepository has the same erasure as saveAll(Iterable<S>) of type ListCrudRepository<T,ID> but does not override it
	The method saveAll(Iterable<? extends User>) of type UserServiceTest.MockUserRepository must override or implement a supertype method
	Erasure of method saveAll(Iterable<S>) is the same as another method in type UserServiceTest.MockUserRepository
	java.util.Page cannot be resolved to a type
	java.util.Page cannot be resolved to a type
	The type UserServiceTest.MockSchoolClassRepository must implement the inherited abstract method CrudRepository<SchoolClass,UUID>.findById(UUID)
	The type UserServiceTest.MockSchoolClassRepository must implement the inherited abstract method SchoolClassRepository.findByName(String)
	The type UserServiceTest.MockSchoolClassRepository must implement the inherited abstract method JpaRepository<SchoolClass,UUID>.deleteAllByIdInBatch(Iterable<UUID>)
	The type UserServiceTest.MockSchoolClassRepository must implement the inherited abstract method ListCrudRepository<SchoolClass,UUID>.saveAll(Iterable<S>)
	The type UserServiceTest.MockSchoolClassRepository must implement the inherited abstract method JpaRepository<SchoolClass,UUID>.saveAndFlush(S)
	The type UserServiceTest.MockSchoolClassRepository must implement the inherited abstract method JpaRepository<SchoolClass,UUID>.flush()
	The type UserServiceTest.MockSchoolClassRepository must implement the inherited abstract method QueryByExampleExecutor<SchoolClass>.findAll(Example<S>, Pageable)
	The type UserServiceTest.MockSchoolClassRepository must implement the inherited abstract method JpaRepository<SchoolClass,UUID>.deleteAllInBatch(Iterable<SchoolClass>)
	The type UserServiceTest.MockSchoolClassRepository must implement the inherited abstract method JpaRepository<SchoolClass,UUID>.saveAllAndFlush(Iterable<S>)
	The type UserServiceTest.MockSchoolClassRepository must implement the inherited abstract method QueryByExampleExecutor<SchoolClass>.findOne(Example<S>)
	The type UserServiceTest.MockSchoolClassRepository must implement the inherited abstract method SchoolClassRepository.existsByName(String)
	The type UserServiceTest.MockSchoolClassRepository must implement the inherited abstract method PagingAndSortingRepository<SchoolClass,UUID>.findAll(Pageable)
	The method findOne(Specification<SchoolClass>) of type UserServiceTest.MockSchoolClassRepository must override or implement a supertype method
	The method findAll(Specification<SchoolClass>) of type UserServiceTest.MockSchoolClassRepository must override or implement a supertype method
	java.util.Page cannot be resolved to a type
	The method count(Specification<SchoolClass>) of type UserServiceTest.MockSchoolClassRepository must override or implement a supertype method
	The method exists(Specification<SchoolClass>) of type UserServiceTest.MockSchoolClassRepository must override or implement a supertype method
	The method delete(Specification<SchoolClass>) of type UserServiceTest.MockSchoolClassRepository must override or implement a supertype method
	Name clash: The method saveAll(Iterable<? extends S>) of type UserServiceTest.MockSchoolClassRepository has the same erasure as saveAll(Iterable<S>) of type ListCrudRepository<T,ID> but does not override it
	Name clash: The method saveAll(Iterable<? extends S>) of type UserServiceTest.MockSchoolClassRepository has the same erasure as saveAll(Iterable<S>) of type CrudRepository<T,ID> but does not override it
	The method saveAll(Iterable<? extends S>) of type UserServiceTest.MockSchoolClassRepository must override or implement a supertype method
	The method findById(UUID) of type UserServiceTest.MockSchoolClassRepository must override or implement a supertype method
	java.util.Page cannot be resolved to a type
	java.util.Page cannot be resolved to a type
	The type UserServiceTest.MockAttendanceSessionRepository must implement the inherited abstract method CrudRepository<AttendanceSession,UUID>.findById(UUID)
	The type UserServiceTest.MockAttendanceSessionRepository must implement the inherited abstract method AttendanceSessionRepository.findBySchoolClassIdAndStatus(UUID, SessionStatus)
	The type UserServiceTest.MockAttendanceSessionRepository must implement the inherited abstract method JpaRepository<AttendanceSession,UUID>.deleteAllByIdInBatch(Iterable<UUID>)
	The type UserServiceTest.MockAttendanceSessionRepository must implement the inherited abstract method JpaRepository<AttendanceSession,UUID>.flush()
	The type UserServiceTest.MockAttendanceSessionRepository must implement the inherited abstract method ListCrudRepository<AttendanceSession,UUID>.saveAll(Iterable<S>)
	The type UserServiceTest.MockAttendanceSessionRepository must implement the inherited abstract method AttendanceSessionRepository.findBySchoolClassIdOrderByStartedAtDesc(UUID)
	The type UserServiceTest.MockAttendanceSessionRepository must implement the inherited abstract method JpaRepository<AttendanceSession,UUID>.saveAndFlush(S)
	The type UserServiceTest.MockAttendanceSessionRepository must implement the inherited abstract method QueryByExampleExecutor<AttendanceSession>.findAll(Example<S>, Pageable)
	The type UserServiceTest.MockAttendanceSessionRepository must implement the inherited abstract method JpaRepository<AttendanceSession,UUID>.deleteAllInBatch(Iterable<AttendanceSession>)
	The type UserServiceTest.MockAttendanceSessionRepository must implement the inherited abstract method QueryByExampleExecutor<AttendanceSession>.findOne(Example<S>)
	The type UserServiceTest.MockAttendanceSessionRepository must implement the inherited abstract method PagingAndSortingRepository<AttendanceSession,UUID>.findAll(Pageable)
	The type UserServiceTest.MockAttendanceSessionRepository must implement the inherited abstract method AttendanceSessionRepository.findAllByOrderByStartedAtDesc()
	The type UserServiceTest.MockAttendanceSessionRepository must implement the inherited abstract method JpaRepository<AttendanceSession,UUID>.saveAllAndFlush(Iterable<S>)
	The type UserServiceTest.MockAttendanceSessionRepository must implement the inherited abstract method AttendanceSessionRepository.findBySchoolClassIdAndTeacherIdOrderByStartedAtDesc(UUID, UUID)
	The method findOne(Specification<AttendanceSession>) of type UserServiceTest.MockAttendanceSessionRepository must override or implement a supertype method
	The method findAll(Specification<AttendanceSession>) of type UserServiceTest.MockAttendanceSessionRepository must override or implement a supertype method
	java.util.Page cannot be resolved to a type
	The method count(Specification<AttendanceSession>) of type UserServiceTest.MockAttendanceSessionRepository must override or implement a supertype method
	The method exists(Specification<AttendanceSession>) of type UserServiceTest.MockAttendanceSessionRepository must override or implement a supertype method
	The method delete(Specification<AttendanceSession>) of type UserServiceTest.MockAttendanceSessionRepository must override or implement a supertype method
	The method saveAll(Iterable<? extends S>) of type UserServiceTest.MockAttendanceSessionRepository must override or implement a supertype method
	Name clash: The method saveAll(Iterable<? extends S>) of type UserServiceTest.MockAttendanceSessionRepository has the same erasure as saveAll(Iterable<S>) of type ListCrudRepository<T,ID> but does not override it
	Name clash: The method saveAll(Iterable<? extends S>) of type UserServiceTest.MockAttendanceSessionRepository has the same erasure as saveAll(Iterable<S>) of type CrudRepository<T,ID> but does not override it
	The method findById(UUID) of type UserServiceTest.MockAttendanceSessionRepository must override or implement a supertype method
	java.util.Page cannot be resolved to a type
	Syntax error on token "}", delete this token
	Duplicate field UserServiceTest.userId
	Duplicate field UserServiceTest.testUser
	Duplicate field UserServiceTest.userCreateRequest
	Duplicate method setUp() in type UserServiceTest
	Duplicate method testListAll() in type UserServiceTest
	Duplicate method testListTeachers() in type UserServiceTest
	Duplicate method testListTeachersEmpty() in type UserServiceTest
	Duplicate method testCreateUserSuccess() in type UserServiceTest
	Duplicate method testCreateUserEmailConflict() in type UserServiceTest
	Duplicate method testDeleteUserSuccess() in type UserServiceTest
	Duplicate method testDeleteUserNotFound() in type UserServiceTest
	Duplicate method testDeleteUserWithAssignedClasses() in type UserServiceTest
	Duplicate method testDeleteUserWithActiveSessions() in type UserServiceTest

	at com.facetrack.service.UserServiceTest.<init>(UserServiceTest.java:38)
	at java.base/java.lang.reflect.Constructor.newInstanceWithCaller(Constructor.java:499)
	at java.base/java.lang.reflect.Constructor.newInstance(Constructor.java:483)
	at java.base/java.util.Optional.orElseGet(Optional.java:364)
	at java.base/java.util.ArrayList.forEach(ArrayList.java:1604)
	at java.base/java.util.ArrayList.forEach(ArrayList.java:1604)
]]></error>
  </testcase>
  <testcase name="testDeleteUserSuccess" classname="com.facetrack.service.UserServiceTest" time="0.0">
    <error message="Unresolved compilation problems: &#10;	Duplicate field UserServiceTest.userId&#10;	Duplicate field UserServiceTest.testUser&#10;	Duplicate field UserServiceTest.userCreateRequest&#10;	Duplicate method setUp() in type UserServiceTest&#10;	Duplicate method testListAll() in type UserServiceTest&#10;	Duplicate method testListTeachers() in type UserServiceTest&#10;	Duplicate method testListTeachersEmpty() in type UserServiceTest&#10;	Duplicate method testCreateUserSuccess() in type UserServiceTest&#10;	Duplicate method testCreateUserEmailConflict() in type UserServiceTest&#10;	Duplicate method testDeleteUserSuccess() in type UserServiceTest&#10;	Duplicate method testDeleteUserNotFound() in type UserServiceTest&#10;	Duplicate method testDeleteUserWithAssignedClasses() in type UserServiceTest&#10;	Duplicate method testDeleteUserWithActiveSessions() in type UserServiceTest&#10;	The type UserServiceTest.MockUserRepository must implement the inherited abstract method PagingAndSortingRepository&lt;User,UUID&gt;.findAll(Pageable)&#10;	The type UserServiceTest.MockUserRepository must implement the inherited abstract method QueryByExampleExecutor&lt;User&gt;.findAll(Example&lt;S&gt;, Pageable)&#10;	The type UserServiceTest.MockUserRepository must implement the inherited abstract method CrudRepository&lt;User,UUID&gt;.existsById(UUID)&#10;	The type UserServiceTest.MockUserRepository must implement the inherited abstract method CrudRepository&lt;User,UUID&gt;.deleteAllById(Iterable&lt;? extends UUID&gt;)&#10;	The type UserServiceTest.MockUserRepository must implement the inherited abstract method QueryByExampleExecutor&lt;User&gt;.findOne(Example&lt;S&gt;)&#10;	The type UserServiceTest.MockUserRepository must implement the inherited abstract method JpaRepository&lt;User,UUID&gt;.saveAndFlush(S)&#10;	The type UserServiceTest.MockUserRepository must implement the inherited abstract method ListCrudRepository&lt;User,UUID&gt;.saveAll(Iterable&lt;S&gt;)&#10;	The type UserServiceTest.MockUserRepository must implement the inherited abstract method JpaRepository&lt;User,UUID&gt;.flush()&#10;	The type UserServiceTest.MockUserRepository must implement the inherited abstract metho
[...]
itory must implement the inherited abstract method JpaRepository&lt;SchoolClass,UUID&gt;.saveAllAndFlush(Iterable&lt;S&gt;)&#10;	The type UserServiceTest.MockSchoolClassRepository must implement the inherited abstract method QueryByExampleExecutor&lt;SchoolClass&gt;.findOne(Example&lt;S&gt;)&#10;	The type UserServiceTest.MockSchoolClassRepository must implement the inherited abstract method SchoolClassRepository.existsByName(String)&#10;	The type UserServiceTest.MockSchoolClassRepository must implement the inherited abstract method PagingAndSortingRepository&lt;SchoolClass,UUID&gt;.findAll(Pageable)&#10;	The method findOne(Specification&lt;SchoolClass&gt;) of type UserServiceTest.MockSchoolClassRepository must override or implement a supertype method&#10;	The method findAll(Specification&lt;SchoolClass&gt;) of type UserServiceTest.MockSchoolClassRepository must override or implement a supertype method&#10;	java.util.Page cannot be resolved to a type&#10;	The method count(Specification&lt;SchoolClass&gt;) of type UserServiceTest.MockSchoolClassRepository must override or implement a supertype method&#10;	The method exists(Specification&lt;SchoolClass&gt;) of type UserServiceTest.MockSchoolClassRepository must override or implement a supertype method&#10;	The method delete(Specification&lt;SchoolClass&gt;) of type UserServiceTest.MockSchoolClassRepository must override or implement a supertype method&#10;	Name clash: The method saveAll(Iterable&lt;? extends S&gt;) of type UserServiceTest.MockSchoolClassRepository has the same erasure as saveAll(Iterable&lt;S&gt;) of type ListCrudRepository&lt;T,ID&gt; but does not override it&#10;	Name clash: The method saveAll(Iterable&lt;? extends S&gt;) of type UserServiceTest.MockSchoolClassRepository has the same erasure as saveAll(Iterable&lt;S&gt;) of type CrudRepository&lt;T,ID&gt; but does not override it&#10;	The method saveAll(Iterable&lt;? extends S&gt;) of type UserServiceTest.MockSchoolClassRepository must override or implement a supertype method&#10;	The method findById(UUID) of type UserServiceTest.MockSchoolClassRepository must override or implement a supertype method&#10;	java.util.Page cannot be resolved to a type&#10;	java.util.Page cannot be resolved to a type&#10;	The type UserServiceTest.MockAttendanceSessionRepository must implement the inherited abstract method CrudRepository&lt;AttendanceSession,UUID&gt;.findById(UUID)&#10;	The type UserServiceTest.MockAttendanceSessionRepository must implement the inherited abstract method AttendanceSessionRepository.findBySchoolClassIdAndStatus(UUID, SessionStatus)&#10;	The type UserServiceTest.MockAttendanceSessionRepository must implement the inherited abstract method JpaRepository&lt;AttendanceSession,UUID&gt;.deleteAllByIdInBatch(Iterable&lt;UUID&gt;)&#10;	The type UserServiceTest.MockAttendanceSessionRepository must implement the inherited abstract method JpaRepository&lt;AttendanceSession,UUID&gt;.flush()&#10;	The type UserServiceTest.MockAttendanceSessionRepository must implement the inherited abstract method ListCrudRepository&lt;AttendanceSession,UUID&gt;.saveAll(Iterable&lt;S&gt;)&#10;	The type UserServiceTest.MockAttendanceSessionRepository must implement the inherited abstract method AttendanceSessionRepository.findBySchoolClassIdOrderByStartedAtDesc(UUID)&#10;	The type UserServiceTest.MockAttendanceSessionRepository must implement the inherited abstract method JpaRepository&lt;AttendanceSession,UUID&gt;.saveAndFlush(S)&#10;	The type UserServiceTest.MockAttendanceSessionRepository must implement the inherited abstract method QueryByExampleExecutor&lt;AttendanceSession&gt;.findAll(Example&lt;S&gt;, Pageable)&#10;	The type UserServiceTest.MockAttendanceSessionRepository must implement the inherited abstract method JpaRepository&lt;AttendanceSession,UUID&gt;.deleteAllInBatch(Iterable&lt;AttendanceSession&gt;)&#10;	The type UserServiceTest.MockAttendanceSessionRepository must implement the inherited abstract method QueryByExampleExecutor&lt;AttendanceSession&gt;.findOne(Example&lt;S&gt;)&#10;	The type UserServiceTest.MockAttendanceSessionRepository must implement the inherited abstract method PagingAndSortingRepository&lt;AttendanceSession,UUID&gt;.findAll(Pageable)&#10;	The type UserServiceTest.MockAttendanceSessionRepository must implement the inherited abstract method AttendanceSessionRepository.findAllByOrderByStartedAtDesc()&#10;	The type UserServiceTest.MockAttendanceSessionRepository must implement the inherited abstract method JpaRepository&lt;AttendanceSession,UUID&gt;.saveAllAndFlush(Iterable&lt;S&gt;)&#10;	The type UserServiceTest.MockAttendanceSessionRepository must implement the inherited abstract method AttendanceSessionRepository.findBySchoolClassIdAndTeacherIdOrderByStartedAtDesc(UUID, UUID)&#10;	The method findOne(Specification&lt;AttendanceSession&gt;) of type UserServiceTest.MockAttendanceSessionRepository must override or implement a supertype method&#10;	The method findAll(Specification&lt;AttendanceSession&gt;) of type UserServiceTest.MockAttendanceSessionRepository must override or implement a supertype method&#10;	java.util.Page cannot be resolved to a type&#10;	The method count(Specification&lt;AttendanceSession&gt;) of type UserServiceTest.MockAttendanceSessionRepository must override or implement a supertype method&#10;	The method exists(Specification&lt;AttendanceSession&gt;) of type UserServiceTest.MockAttendanceSessionRepository must override or implement a supertype method&#10;	The method delete(Specification&lt;AttendanceSession&gt;) of type UserServiceTest.MockAttendanceSessionRepository must override or implement a supertype method&#10;	The method saveAll(Iterable&lt;? extends S&gt;) of type UserServiceTest.MockAttendanceSessionRepository must override or implement a supertype method&#10;	Name clash: The method saveAll(Iterable&lt;? extends S&gt;) of type UserServiceTest.MockAttendanceSessionRepository has the same erasure as saveAll(Iterable&lt;S&gt;) of type ListCrudRepository&lt;T,ID&gt; but does not override it&#10;	Name clash: The method saveAll(Iterable&lt;? extends S&gt;) of type UserServiceTest.MockAttendanceSessionRepository has the same erasure as saveAll(Iterable&lt;S&gt;) of type CrudRepository&lt;T,ID&gt; but does not override it&#10;	The method findById(UUID) of type UserServiceTest.MockAttendanceSessionRepository must override or implement a supertype method&#10;	java.util.Page cannot be resolved to a type&#10;	Syntax error on token &quot;}&quot;, delete this token&#10;	Duplicate field UserServiceTest.userId&#10;	Duplicate field UserServiceTest.testUser&#10;	Duplicate field UserServiceTest.userCreateRequest&#10;	Duplicate method setUp() in type UserServiceTest&#10;	Duplicate method testListAll() in type UserServiceTest&#10;	Duplicate method testListTeachers() in type UserServiceTest&#10;	Duplicate method testListTeachersEmpty() in type UserServiceTest&#10;	Duplicate method testCreateUserSuccess() in type UserServiceTest&#10;	Duplicate method testCreateUserEmailConflict() in type UserServiceTest&#10;	Duplicate method testDeleteUserSuccess() in type UserServiceTest&#10;	Duplicate method testDeleteUserNotFound() in type UserServiceTest&#10;	Duplicate method testDeleteUserWithAssignedClasses() in type UserServiceTest&#10;	Duplicate method testDeleteUserWithActiveSessions() in type UserServiceTest&#10;" type="java.lang.Error"><![CDATA[java.lang.Error: 
Unresolved compilation problems: 
	Duplicate field UserServiceTest.userId
	Duplicate field UserServiceTest.testUser
	Duplicate field UserServiceTest.userCreateRequest
	Duplicate method setUp() in type UserServiceTest
	Duplicate method testListAll() in type UserServiceTest
	Duplicate method testListTeachers() in type UserServiceTest
	Duplicate method testListTeachersEmpty() in type UserServiceTest
	Duplicate method testCreateUserSuccess() in type UserServiceTest
	Duplicate method testCreateUserEmailConflict() in type UserServiceTest
	Duplicate method testDeleteUserSuccess() in type UserServiceTest
	Duplicate method testDeleteUserNotFound() in type UserServiceTest
	Duplicate method testDeleteUserWithAssignedClasses() in type UserServiceTest
	Duplicate method testDeleteUserWithActiveSessions() in type UserServiceTest
	The type UserServiceTest.MockUserRepository must implement the inherited abstract method PagingAndSortingRepository<User,UUID>.findAll(Pageable)
	The type UserServiceTest.MockUserRepository must implement the inherited abstract method QueryByExampleExecutor<User>.findAll(Example<S>, Pageable)
	The type UserServiceTest.MockUserRepository must implement the inherited abstract method CrudRepository<User,UUID>.existsById(UUID)
	The type UserServiceTest.MockUserRepository must implement the inherited abstract method CrudRepository<User,UUID>.deleteAllById(Iterable<? extends UUID>)
	The type UserServiceTest.MockUserRepository must implement the inherited abstract method QueryByExampleExecutor<User>.findOne(Example<S>)
	The type UserServiceTest.MockUserRepository must implement the inherited abstract method JpaRepository<User,UUID>.saveAndFlush(S)
	The type UserServiceTest.MockUserRepository must implement the inherited abstract method ListCrudRepository<User,UUID>.saveAll(Iterable<S>)
	The type UserServiceTest.MockUserRepository must implement the inherited abstract method JpaRepository<User,UUID>.flush()
	The type UserServiceTest.MockUserRepository must implement the inherited abstract method JpaRepository<User,UUID>.deleteAllInBatch(Iterable<User>)
	The type UserServiceTest.MockUserRepository must implement the inherited abstract method JpaRepository<User,UUID>.deleteAllByIdInBatch(Iterable<UUID>)
	The type UserServiceTest.MockUserRepository must implement the inherited abstract method JpaRepository<User,UUID>.saveAllAndFlush(Iterable<S>)
	The method findOne(Specification<User>) of type UserServiceTest.MockUserRepository must override or implement a supertype method
	The method findAll(Specification<User>) of type UserServiceTest.MockUserRepository must override or implement a supertype method
	java.util.Page cannot be resolved to a type
	The method count(Specification<User>) of type UserServiceTest.MockUserRepository must override or implement a supertype method
	The method exists(Specification<User>) of type UserServiceTest.MockUserRepository must override or implement a supertype method
	The method delete(Specification<User>) of type UserServiceTest.MockUserRepository must override or implement a supertype method
	Erasure of method saveAll(Iterable<? extends User>) is the same as another method in type UserServiceTest.MockUserRepository
	Name clash: The method saveAll(Iterable<? extends User>) of type UserServiceTest.MockUserRepository has the same erasure as saveAll(Iterable<S>) of type CrudRepository<T,ID> but does not override it
	Name clash: The method saveAll(Iterable<? extends User>) of type UserServiceTest.MockUserRepository has the same erasure as saveAll(Iterable<S>) of type ListCrudRepository<T,ID> but does not override it
	The method saveAll(Iterable<? extends User>) of type UserServiceTest.MockUserRepository must override or implement a supertype method
	Erasure of method saveAll(Iterable<S>) is the same as another method in type UserServiceTest.MockUserRepository
	java.util.Page cannot be resolved to a type
	java.util.Page cannot be resolved to a type
	The type UserServiceTest.MockSchoolClassRepository must implement the inherited abstract method CrudRepository<SchoolClass,UUID>.findById(UUID)
	The type UserServiceTest.MockSchoolClassRepository must implement the inherited abstract method SchoolClassRepository.findByName(String)
	The type UserServiceTest.MockSchoolClassRepository must implement the inherited abstract method JpaRepository<SchoolClass,UUID>.deleteAllByIdInBatch(Iterable<UUID>)
	The type UserServiceTest.MockSchoolClassRepository must implement the inherited abstract method ListCrudRepository<SchoolClass,UUID>.saveAll(Iterable<S>)
	The type UserServiceTest.MockSchoolClassRepository must implement the inherited abstract method JpaRepository<SchoolClass,UUID>.saveAndFlush(S)
	The type UserServiceTest.MockSchoolClassRepository must implement the inherited abstract method JpaRepository<SchoolClass,UUID>.flush()
	The type UserServiceTest.MockSchoolClassRepository must implement the inherited abstract method QueryByExampleExecutor<SchoolClass>.findAll(Example<S>, Pageable)
	The type UserServiceTest.MockSchoolClassRepository must implement the inherited abstract method JpaRepository<SchoolClass,UUID>.deleteAllInBatch(Iterable<SchoolClass>)
	The type UserServiceTest.MockSchoolClassRepository must implement the inherited abstract method JpaRepository<SchoolClass,UUID>.saveAllAndFlush(Iterable<S>)
	The type UserServiceTest.MockSchoolClassRepository must implement the inherited abstract method QueryByExampleExecutor<SchoolClass>.findOne(Example<S>)
	The type UserServiceTest.MockSchoolClassRepository must implement the inherited abstract method SchoolClassRepository.existsByName(String)
	The type UserServiceTest.MockSchoolClassRepository must implement the inherited abstract method PagingAndSortingRepository<SchoolClass,UUID>.findAll(Pageable)
	The method findOne(Specification<SchoolClass>) of type UserServiceTest.MockSchoolClassRepository must override or implement a supertype method
	The method findAll(Specification<SchoolClass>) of type UserServiceTest.MockSchoolClassRepository must override or implement a supertype method
	java.util.Page cannot be resolved to a type
	The method count(Specification<SchoolClass>) of type UserServiceTest.MockSchoolClassRepository must override or implement a supertype method
	The method exists(Specification<SchoolClass>) of type UserServiceTest.MockSchoolClassRepository must override or implement a supertype method
	The method delete(Specification<SchoolClass>) of type UserServiceTest.MockSchoolClassRepository must override or implement a supertype method
	Name clash: The method saveAll(Iterable<? extends S>) of type UserServiceTest.MockSchoolClassRepository has the same erasure as saveAll(Iterable<S>) of type ListCrudRepository<T,ID> but does not override it
	Name clash: The method saveAll(Iterable<? extends S>) of type UserServiceTest.MockSchoolClassRepository has the same erasure as saveAll(Iterable<S>) of type CrudRepository<T,ID> but does not override it
	The method saveAll(Iterable<? extends S>) of type UserServiceTest.MockSchoolClassRepository must override or implement a supertype method
	The method findById(UUID) of type UserServiceTest.MockSchoolClassRepository must override or implement a supertype method
	java.util.Page cannot be resolved to a type
	java.util.Page cannot be resolved to a type
	The type UserServiceTest.MockAttendanceSessionRepository must implement the inherited abstract method CrudRepository<AttendanceSession,UUID>.findById(UUID)
	The type UserServiceTest.MockAttendanceSessionRepository must implement the inherited abstract method AttendanceSessionRepository.findBySchoolClassIdAndStatus(UUID, SessionStatus)
	The type UserServiceTest.MockAttendanceSessionRepository must implement the inherited abstract method JpaRepository<AttendanceSession,UUID>.deleteAllByIdInBatch(Iterable<UUID>)
	The type UserServiceTest.MockAttendanceSessionRepository must implement the inherited abstract method JpaRepository<AttendanceSession,UUID>.flush()
	The type UserServiceTest.MockAttendanceSessionRepository must implement the inherited abstract method ListCrudRepository<AttendanceSession,UUID>.saveAll(Iterable<S>)
	The type UserServiceTest.MockAttendanceSessionRepository must implement the inherited abstract method AttendanceSessionRepository.findBySchoolClassIdOrderByStartedAtDesc(UUID)
	The type UserServiceTest.MockAttendanceSessionRepository must implement the inherited abstract method JpaRepository<AttendanceSession,UUID>.saveAndFlush(S)
	The type UserServiceTest.MockAttendanceSessionRepository must implement the inherited abstract method QueryByExampleExecutor<AttendanceSession>.findAll(Example<S>, Pageable)
	The type UserServiceTest.MockAttendanceSessionRepository must implement the inherited abstract method JpaRepository<AttendanceSession,UUID>.deleteAllInBatch(Iterable<AttendanceSession>)
	The type UserServiceTest.MockAttendanceSessionRepository must implement the inherited abstract method QueryByExampleExecutor<AttendanceSession>.findOne(Example<S>)
	The type UserServiceTest.MockAttendanceSessionRepository must implement the inherited abstract method PagingAndSortingRepository<AttendanceSession,UUID>.findAll(Pageable)
	The type UserServiceTest.MockAttendanceSessionRepository must implement the inherited abstract method AttendanceSessionRepository.findAllByOrderByStartedAtDesc()
	The type UserServiceTest.MockAttendanceSessionRepository must implement the inherited abstract method JpaRepository<AttendanceSession,UUID>.saveAllAndFlush(Iterable<S>)
	The type UserServiceTest.MockAttendanceSessionRepository must implement the inherited abstract method AttendanceSessionRepository.findBySchoolClassIdAndTeacherIdOrderByStartedAtDesc(UUID, UUID)
	The method findOne(Specification<AttendanceSession>) of type UserServiceTest.MockAttendanceSessionRepository must override or implement a supertype method
	The method findAll(Specification<AttendanceSession>) of type UserServiceTest.MockAttendanceSessionRepository must override or implement a supertype method
	java.util.Page cannot be resolved to a type
	The method count(Specification<AttendanceSession>) of type UserServiceTest.MockAttendanceSessionRepository must override or implement a supertype method
	The method exists(Specification<AttendanceSession>) of type UserServiceTest.MockAttendanceSessionRepository must override or implement a supertype method
	The method delete(Specification<AttendanceSession>) of type UserServiceTest.MockAttendanceSessionRepository must override or implement a supertype method
	The method saveAll(Iterable<? extends S>) of type UserServiceTest.MockAttendanceSessionRepository must override or implement a supertype method
	Name clash: The method saveAll(Iterable<? extends S>) of type UserServiceTest.MockAttendanceSessionRepository has the same erasure as saveAll(Iterable<S>) of type ListCrudRepository<T,ID> but does not override it
	Name clash: The method saveAll(Iterable<? extends S>) of type UserServiceTest.MockAttendanceSessionRepository has the same erasure as saveAll(Iterable<S>) of type CrudRepository<T,ID> but does not override it
	The method findById(UUID) of type UserServiceTest.MockAttendanceSessionRepository must override or implement a supertype method
	java.util.Page cannot be resolved to a type
	Syntax error on token "}", delete this token
	Duplicate field UserServiceTest.userId
	Duplicate field UserServiceTest.testUser
	Duplicate field UserServiceTest.userCreateRequest
	Duplicate method setUp() in type UserServiceTest
	Duplicate method testListAll() in type UserServiceTest
	Duplicate method testListTeachers() in type UserServiceTest
	Duplicate method testListTeachersEmpty() in type UserServiceTest
	Duplicate method testCreateUserSuccess() in type UserServiceTest
	Duplicate method testCreateUserEmailConflict() in type UserServiceTest
	Duplicate method testDeleteUserSuccess() in type UserServiceTest
	Duplicate method testDeleteUserNotFound() in type UserServiceTest
	Duplicate method testDeleteUserWithAssignedClasses() in type UserServiceTest
	Duplicate method testDeleteUserWithActiveSessions() in type UserServiceTest

	at com.facetrack.service.UserServiceTest.<init>(UserServiceTest.java:38)
	at java.base/java.lang.reflect.Constructor.newInstanceWithCaller(Constructor.java:499)
	at java.base/java.lang.reflect.Constructor.newInstance(Constructor.java:483)
	at java.base/java.util.Optional.orElseGet(Optional.java:364)
	at java.base/java.util.ArrayList.forEach(ArrayList.java:1604)
	at java.base/java.util.ArrayList.forEach(ArrayList.java:1604)
]]></error>
  </testcase>
</testsuite>